0 info it worked if it ends with ok
1 verbose cli [ 'C:\\Program Files\\nodejs\\\\node.exe',
1 verbose cli   'C:\\Program Files\\nodejs\\node_modules\\npm\\bin\\npm-cli.js',
1 verbose cli   'install',
1 verbose cli   'fs' ]
2 info using npm@1.2.18
3 info using node@v0.10.4
4 verbose node symlink C:\Program Files\nodejs\\node.exe
5 verbose read json C:\Users\dan\Documents\GitHub\draw\package.json
6 verbose read json C:\Users\dan\Documents\GitHub\draw\node_modules\async\package.json
7 verbose read json C:\Users\dan\Documents\GitHub\draw\node_modules\canvas\package.json
8 verbose read json C:\Users\dan\Documents\GitHub\draw\node_modules\ed_stress\package.json
9 verbose read json C:\Users\dan\Documents\GitHub\draw\node_modules\express\package.json
10 verbose read json C:\Users\dan\Documents\GitHub\draw\node_modules\paper\package.json
11 verbose read json C:\Users\dan\Documents\GitHub\draw\node_modules\request\package.json
12 verbose read json C:\Users\dan\Documents\GitHub\draw\node_modules\socket.io\package.json
13 verbose read json C:\Users\dan\Documents\GitHub\draw\node_modules\ueberDB\package.json
14 verbose from cache C:\Users\dan\Documents\GitHub\draw\package.json
15 verbose readDependencies using package.json deps
16 verbose cache add [ 'fs', null ]
17 verbose cache add name=undefined spec="fs" args=["fs",null]
18 verbose parsed url { protocol: null,
18 verbose parsed url   slashes: null,
18 verbose parsed url   auth: null,
18 verbose parsed url   host: null,
18 verbose parsed url   port: null,
18 verbose parsed url   hostname: null,
18 verbose parsed url   hash: null,
18 verbose parsed url   search: null,
18 verbose parsed url   query: null,
18 verbose parsed url   pathname: 'fs',
18 verbose parsed url   path: 'fs',
18 verbose parsed url   href: 'fs' }
19 silly lockFile 3f4bb586-fs fs
20 verbose lock fs C:\Users\dan\AppData\Roaming\npm-cache\3f4bb586-fs.lock
21 silly lockFile 3f4bb586-fs fs
22 silly lockFile 3f4bb586-fs fs
23 verbose addNamed [ 'fs', '' ]
24 verbose addNamed [ null, '' ]
25 silly lockFile a107b96b-fs fs@
26 verbose lock fs@ C:\Users\dan\AppData\Roaming\npm-cache\a107b96b-fs.lock
27 silly addNameRange { name: 'fs', range: '', hasData: false }
28 verbose url raw fs
29 verbose url resolving [ 'https://registry.npmjs.org/', './fs' ]
30 verbose url resolved https://registry.npmjs.org/fs
31 info trying registry request attempt 1 at 00:11:07
32 http GET https://registry.npmjs.org/fs
33 http 404 https://registry.npmjs.org/fs
34 silly registry.get cb [ 404,
34 silly registry.get   { server: 'CouchDB/1.3.0 (Erlang OTP/R15B03)',
34 silly registry.get     date: 'Fri, 10 May 2013 04:11:14 GMT',
34 silly registry.get     'content-type': 'application/json',
34 silly registry.get     'content-length': '52',
34 silly registry.get     'cache-control': 'must-revalidate' } ]
35 silly lockFile a107b96b-fs fs@
36 silly lockFile a107b96b-fs fs@
37 error 404 'fs' is not in the npm registry.
37 error 404 You should bug the author to publish it
37 error 404
37 error 404 Note that you can also install from a
37 error 404 tarball, folder, or http url, or git url.
38 error System Windows_NT 6.1.7601
39 error command "C:\\Program Files\\nodejs\\\\node.exe" "C:\\Program Files\\nodejs\\node_modules\\npm\\bin\\npm-cli.js" "install" "fs"
40 error cwd C:\Users\dan\Documents\GitHub\draw
41 error node -v v0.10.4
42 error npm -v 1.2.18
43 error code E404
44 verbose exit [ 1, true ]
